<component name="ProjectRunConfigurationManager">
  <configuration default="false" name="Run only Unit Tests" type="JUnit" factoryName="JUnit">
    <module name="RestApi" />
    <useClassPathOnly />
    <option name="PACKAGE_NAME" value="" />
    <option name="MAIN_CLASS_NAME" value="" />
    <option name="METHOD_NAME" value="" />
    <option name="TEST_OBJECT" value="pattern" />
    <option name="PARAMETERS" value="" />
    <patterns>
      <pattern testClass="^(.*)UnitTest$" />
    </patterns>
    <method v="2">
      <option name="Make" enabled="true" />
    </method>
  </configuration>
</component>